  Bullet.cpp
  ConsoleFramework.cpp
C:\Users\User\Desktop\기초코딩 수업 자료\ConsoleShooting-Cpp--Suwon\ConsoleShooting-main(C++)\ConsoleFramework.cpp(44,17): warning C4838: 'int'에서 'SHORT'(으)로의 변환에는 축소 변환이 필요합니다.
C:\Users\User\Desktop\기초코딩 수업 자료\ConsoleShooting-Cpp--Suwon\ConsoleShooting-main(C++)\ConsoleFramework.cpp(44,19): warning C4838: 'int'에서 'SHORT'(으)로의 변환에는 축소 변환이 필요합니다.
C:\Users\User\Desktop\기초코딩 수업 자료\ConsoleShooting-Cpp--Suwon\ConsoleShooting-main(C++)\ConsoleFramework.cpp(64,17): warning C4838: 'int'에서 'SHORT'(으)로의 변환에는 축소 변환이 필요합니다.
C:\Users\User\Desktop\기초코딩 수업 자료\ConsoleShooting-Cpp--Suwon\ConsoleShooting-main(C++)\ConsoleFramework.cpp(64,19): warning C4838: 'int'에서 'SHORT'(으)로의 변환에는 축소 변환이 필요합니다.
  Effect.cpp
  Enemy.cpp
  GameMng.cpp
  GameState.cpp
  MenuState.cpp
  Player.cpp
  Sound.cpp
  State.cpp
  StateCtrl.cpp
  Text.cpp
  Unit.cpp
  main.cpp
  코드를 생성하고 있습니다...
  ConsoleShooting.vcxproj -> C:\Users\User\Desktop\기초코딩 수업 자료\ConsoleShooting-Cpp--Suwon\ConsoleShooting-main(C++)\Debug\ConsoleShooting.exe
